[ 2016-11-14T14:53:01+08:00 ] 127.0.0.1 /index.php/Admin/Mui/addcart.html
INFO: [ app_init ] --START--
INFO: Run Behavior\BuildLiteBehavior [ RunTime:0.000000s ]
INFO: [ app_init ] --END-- [ RunTime:0.001000s ]
INFO: [ app_begin ] --START--
INFO: Run Behavior\ReadHtmlCacheBehavior [ RunTime:0.001000s ]
INFO: [ app_begin ] --END-- [ RunTime:0.001000s ]
SQL: SHOW COLUMNS FROM `my_goods_cart` [ RunTime:0.0020s ]
SQL: SELECT * FROM `my_goods_cart` WHERE `userid` = 1 LIMIT 1   [ RunTime:0.0000s ]
SQL: UPDATE `my_goods_cart` SET `num`='6',`price`='59994' WHERE ( id=1 ) [ RunTime:0.0020s ]

[ 2016-11-14T14:53:43+08:00 ] 127.0.0.1 /index.php/Admin/Mui/addcart.html
INFO: [ app_init ] --START--
INFO: Run Behavior\BuildLiteBehavior [ RunTime:0.000000s ]
INFO: [ app_init ] --END-- [ RunTime:0.001000s ]
INFO: [ app_begin ] --START--
INFO: Run Behavior\ReadHtmlCacheBehavior [ RunTime:0.001000s ]
INFO: [ app_begin ] --END-- [ RunTime:0.001000s ]
SQL: SHOW COLUMNS FROM `my_goods_cart` [ RunTime:0.0030s ]
SQL: SELECT * FROM `my_goods_cart` WHERE `userid` = 1 LIMIT 1   [ RunTime:0.0010s ]
SQL: UPDATE `my_goods_cart` SET `num`='7',`price`='69993' WHERE ( id=1 ) [ RunTime:0.0030s ]

[ 2016-11-14T16:00:46+08:00 ] 127.0.0.1 /Admin/Index/index
INFO: [ app_init ] --START--
INFO: Run Behavior\BuildLiteBehavior [ RunTime:0.000000s ]
INFO: [ app_init ] --END-- [ RunTime:0.000000s ]
INFO: [ app_begin ] --START--
INFO: Run Behavior\ReadHtmlCacheBehavior [ RunTime:0.000000s ]
INFO: [ app_begin ] --END-- [ RunTime:0.000000s ]
INFO: [ view_parse ] --START--
INFO: [ template_filter ] --START--
INFO: Run Behavior\ContentReplaceBehavior [ RunTime:0.000000s ]
INFO: [ template_filter ] --END-- [ RunTime:0.000000s ]
INFO: Run Behavior\ParseTemplateBehavior [ RunTime:0.005001s ]
INFO: [ view_parse ] --END-- [ RunTime:0.005001s ]
INFO: [ view_filter ] --START--
INFO: Run Behavior\WriteHtmlCacheBehavior [ RunTime:0.001000s ]
INFO: [ view_filter ] --END-- [ RunTime:0.001000s ]
INFO: [ app_end ] --START--
INFO: Run Behavior\ShowPageTraceBehavior [ RunTime:0.001000s ]
INFO: [ app_end ] --END-- [ RunTime:0.001000s ]

[ 2016-11-14T16:00:46+08:00 ] 127.0.0.1 /Admin/Index/left.html
INFO: [ app_init ] --START--
INFO: Run Behavior\BuildLiteBehavior [ RunTime:0.000000s ]
INFO: [ app_init ] --END-- [ RunTime:0.000000s ]
INFO: [ app_begin ] --START--
INFO: Run Behavior\ReadHtmlCacheBehavior [ RunTime:0.001000s ]
INFO: [ app_begin ] --END-- [ RunTime:0.001000s ]
INFO: [ view_parse ] --START--
INFO: [ template_filter ] --START--
INFO: Run Behavior\ContentReplaceBehavior [ RunTime:0.000000s ]
INFO: [ template_filter ] --END-- [ RunTime:0.001000s ]
INFO: Run Behavior\ParseTemplateBehavior [ RunTime:0.006000s ]
INFO: [ view_parse ] --END-- [ RunTime:0.006000s ]
INFO: [ view_filter ] --START--
INFO: Run Behavior\WriteHtmlCacheBehavior [ RunTime:0.000000s ]
INFO: [ view_filter ] --END-- [ RunTime:0.000000s ]
INFO: [ app_end ] --START--
INFO: Run Behavior\ShowPageTraceBehavior [ RunTime:0.001001s ]
INFO: [ app_end ] --END-- [ RunTime:0.001001s ]

[ 2016-11-14T16:00:46+08:00 ] 127.0.0.1 /Admin/Index/top.html
INFO: [ app_init ] --START--
INFO: Run Behavior\BuildLiteBehavior [ RunTime:0.000000s ]
INFO: [ app_init ] --END-- [ RunTime:0.001000s ]
INFO: [ app_begin ] --START--
INFO: Run Behavior\ReadHtmlCacheBehavior [ RunTime:0.000000s ]
INFO: [ app_begin ] --END-- [ RunTime:0.001000s ]
INFO: [ view_parse ] --START--
INFO: [ template_filter ] --START--
INFO: Run Behavior\ContentReplaceBehavior [ RunTime:0.000000s ]
INFO: [ template_filter ] --END-- [ RunTime:0.000000s ]
INFO: Run Behavior\ParseTemplateBehavior [ RunTime:0.007000s ]
INFO: [ view_parse ] --END-- [ RunTime:0.008000s ]
INFO: [ view_filter ] --START--
INFO: Run Behavior\WriteHtmlCacheBehavior [ RunTime:0.000000s ]
INFO: [ view_filter ] --END-- [ RunTime:0.000000s ]
INFO: [ app_end ] --START--
INFO: Run Behavior\ShowPageTraceBehavior [ RunTime:0.001000s ]
INFO: [ app_end ] --END-- [ RunTime:0.001000s ]

[ 2016-11-14T16:00:55+08:00 ] 127.0.0.1 /Admin/Mui/index
INFO: [ app_init ] --START--
INFO: Run Behavior\BuildLiteBehavior [ RunTime:0.000000s ]
INFO: [ app_init ] --END-- [ RunTime:0.000000s ]
INFO: [ app_begin ] --START--
INFO: Run Behavior\ReadHtmlCacheBehavior [ RunTime:0.001000s ]
INFO: [ app_begin ] --END-- [ RunTime:0.001000s ]
INFO: [ view_parse ] --START--
INFO: [ template_filter ] --START--
INFO: Run Behavior\ContentReplaceBehavior [ RunTime:0.000000s ]
INFO: [ template_filter ] --END-- [ RunTime:0.000000s ]
INFO: Run Behavior\ParseTemplateBehavior [ RunTime:0.007001s ]
INFO: [ view_parse ] --END-- [ RunTime:0.007001s ]
INFO: [ view_filter ] --START--
INFO: Run Behavior\WriteHtmlCacheBehavior [ RunTime:0.000000s ]
INFO: [ view_filter ] --END-- [ RunTime:0.000000s ]
INFO: [ app_end ] --START--
INFO: Run Behavior\ShowPageTraceBehavior [ RunTime:0.001000s ]
INFO: [ app_end ] --END-- [ RunTime:0.001000s ]

[ 2016-11-14T16:00:55+08:00 ] 127.0.0.1 /Admin/Mui/info.html
INFO: [ app_init ] --START--
INFO: Run Behavior\BuildLiteBehavior [ RunTime:0.000000s ]
INFO: [ app_init ] --END-- [ RunTime:0.000000s ]
INFO: [ app_begin ] --START--
INFO: Run Behavior\ReadHtmlCacheBehavior [ RunTime:0.000000s ]
INFO: [ app_begin ] --END-- [ RunTime:0.000000s ]
SQL: SHOW COLUMNS FROM `my_goods_brand` [ RunTime:0.0030s ]
SQL: SELECT * FROM `my_goods_brand`  [ RunTime:0.0000s ]
SQL: SHOW COLUMNS FROM `my_goods_cat` [ RunTime:0.0020s ]
SQL: SELECT * FROM `my_goods_cat`  [ RunTime:0.0010s ]
SQL: SHOW COLUMNS FROM `my_goods_attr` [ RunTime:0.0020s ]
SQL: SELECT * FROM `my_goods_attr`  [ RunTime:0.0000s ]
INFO: [ view_parse ] --START--
INFO: [ template_filter ] --START--
INFO: Run Behavior\ContentReplaceBehavior [ RunTime:0.001000s ]
INFO: [ template_filter ] --END-- [ RunTime:0.001000s ]
NOTIC: [8] Undefined index: name C:\qq\Application\Runtime\Cache\Admin\60d62f762423e85bb3ea61c0bbb53c65.php 第 45 行.
NOTIC: [8] Undefined index: name C:\qq\Application\Runtime\Cache\Admin\60d62f762423e85bb3ea61c0bbb53c65.php 第 45 行.
NOTIC: [8] Undefined index: name C:\qq\Application\Runtime\Cache\Admin\60d62f762423e85bb3ea61c0bbb53c65.php 第 45 行.
NOTIC: [8] Undefined index: name C:\qq\Application\Runtime\Cache\Admin\60d62f762423e85bb3ea61c0bbb53c65.php 第 45 行.
NOTIC: [8] Undefined index: name C:\qq\Application\Runtime\Cache\Admin\60d62f762423e85bb3ea61c0bbb53c65.php 第 45 行.
NOTIC: [8] Undefined index: name C:\qq\Application\Runtime\Cache\Admin\60d62f762423e85bb3ea61c0bbb53c65.php 第 77 行.
NOTIC: [8] Undefined index: name C:\qq\Application\Runtime\Cache\Admin\60d62f762423e85bb3ea61c0bbb53c65.php 第 77 行.
NOTIC: [8] Undefined index: name C:\qq\Application\Runtime\Cache\Admin\60d62f762423e85bb3ea61c0bbb53c65.php 第 77 行.
NOTIC: [8] Undefined index: name C:\qq\Application\Runtime\Cache\Admin\60d62f762423e85bb3ea61c0bbb53c65.php 第 77 行.
NOTIC: [8] Undefined index: name C:\qq\Application\Runtime\Cache\Admin\60d62f762423e85bb3ea61c0bbb53c65.php 第 77 行.
NOTIC: [8] Undefined index: name C:\qq\Application\Runtime\Cache\Admin\60d62f762423e85bb3ea61c0bbb53c65.php 第 77 行.
NOTIC: [8] Undefined index: name C:\qq\Application\Runtime\Cache\Admin\60d62f762423e85bb3ea61c0bbb53c65.php 第 77 行.
NOTIC: [8] Undefined index: name C:\qq\Application\Runtime\Cache\Admin\60d62f762423e85bb3ea61c0bbb53c65.php 第 77 行.
NOTIC: [8] Undefined index: name C:\qq\Application\Runtime\Cache\Admin\60d62f762423e85bb3ea61c0bbb53c65.php 第 77 行.
NOTIC: [8] Undefined index: name C:\qq\Application\Runtime\Cache\Admin\60d62f762423e85bb3ea61c0bbb53c65.php 第 77 行.
NOTIC: [8] Undefined index: name C:\qq\Application\Runtime\Cache\Admin\60d62f762423e85bb3ea61c0bbb53c65.php 第 77 行.
NOTIC: [8] Undefined index: name C:\qq\Application\Runtime\Cache\Admin\60d62f762423e85bb3ea61c0bbb53c65.php 第 77 行.
NOTIC: [8] Undefined index: name C:\qq\Application\Runtime\Cache\Admin\60d62f762423e85bb3ea61c0bbb53c65.php 第 77 行.
NOTIC: [8] Undefined index: name C:\qq\Application\Runtime\Cache\Admin\60d62f762423e85bb3ea61c0bbb53c65.php 第 77 行.
NOTIC: [8] Undefined index: name C:\qq\Application\Runtime\Cache\Admin\60d62f762423e85bb3ea61c0bbb53c65.php 第 77 行.
NOTIC: [8] Undefined index: name C:\qq\Application\Runtime\Cache\Admin\60d62f762423e85bb3ea61c0bbb53c65.php 第 77 行.
NOTIC: [8] Undefined index: name C:\qq\Application\Runtime\Cache\Admin\60d62f762423e85bb3ea61c0bbb53c65.php 第 77 行.
NOTIC: [8] Undefined index: name C:\qq\Application\Runtime\Cache\Admin\60d62f762423e85bb3ea61c0bbb53c65.php 第 77 行.
NOTIC: [8] Undefined index: name C:\qq\Application\Runtime\Cache\Admin\60d62f762423e85bb3ea61c0bbb53c65.php 第 77 行.
NOTIC: [8] Undefined index: name C:\qq\Application\Runtime\Cache\Admin\60d62f762423e85bb3ea61c0bbb53c65.php 第 77 行.
NOTIC: [8] Undefined index: name C:\qq\Application\Runtime\Cache\Admin\60d62f762423e85bb3ea61c0bbb53c65.php 第 98 行.
NOTIC: [8] Undefined index: name C:\qq\Application\Runtime\Cache\Admin\60d62f762423e85bb3ea61c0bbb53c65.php 第 98 行.
NOTIC: [8] Undefined index: name C:\qq\Application\Runtime\Cache\Admin\60d62f762423e85bb3ea61c0bbb53c65.php 第 98 行.
NOTIC: [8] Undefined index: name C:\qq\Application\Runtime\Cache\Admin\60d62f762423e85bb3ea61c0bbb53c65.php 第 98 行.
NOTIC: [8] Undefined index: name C:\qq\Application\Runtime\Cache\Admin\60d62f762423e85bb3ea61c0bbb53c65.php 第 98 行.
NOTIC: [8] Undefined index: name C:\qq\Application\Runtime\Cache\Admin\60d62f762423e85bb3ea61c0bbb53c65.php 第 98 行.
NOTIC: [8] Undefined index: name C:\qq\Application\Runtime\Cache\Admin\60d62f762423e85bb3ea61c0bbb53c65.php 第 98 行.
NOTIC: [8] Undefined index: name C:\qq\Application\Runtime\Cache\Admin\60d62f762423e85bb3ea61c0bbb53c65.php 第 98 行.
NOTIC: [8] Undefined index: name C:\qq\Application\Runtime\Cache\Admin\60d62f762423e85bb3ea61c0bbb53c65.php 第 98 行.
NOTIC: [8] Undefined index: name C:\qq\Application\Runtime\Cache\Admin\60d62f762423e85bb3ea61c0bbb53c65.php 第 98 行.
NOTIC: [8] Undefined index: name C:\qq\Application\Runtime\Cache\Admin\60d62f762423e85bb3ea61c0bbb53c65.php 第 98 行.
NOTIC: [8] Undefined index: name C:\qq\Application\Runtime\Cache\Admin\60d62f762423e85bb3ea61c0bbb53c65.php 第 98 行.
INFO: Run Behavior\ParseTemplateBehavior [ RunTime:0.017001s ]
INFO: [ view_parse ] --END-- [ RunTime:0.018001s ]
INFO: [ view_filter ] --START--
INFO: Run Behavior\WriteHtmlCacheBehavior [ RunTime:0.000000s ]
INFO: [ view_filter ] --END-- [ RunTime:0.001000s ]
INFO: [ app_end ] --START--
INFO: Run Behavior\ShowPageTraceBehavior [ RunTime:0.001000s ]
INFO: [ app_end ] --END-- [ RunTime:0.001000s ]

[ 2016-11-14T16:00:56+08:00 ] 127.0.0.1 /Admin/Mui/
INFO: [ app_init ] --START--
INFO: Run Behavior\BuildLiteBehavior [ RunTime:0.000000s ]
INFO: [ app_init ] --END-- [ RunTime:0.000000s ]
INFO: [ app_begin ] --START--
INFO: Run Behavior\ReadHtmlCacheBehavior [ RunTime:0.001000s ]
INFO: [ app_begin ] --END-- [ RunTime:0.001000s ]
INFO: [ view_parse ] --START--
INFO: [ template_filter ] --START--
INFO: Run Behavior\ContentReplaceBehavior [ RunTime:0.000000s ]
INFO: [ template_filter ] --END-- [ RunTime:0.001000s ]
INFO: Run Behavior\ParseTemplateBehavior [ RunTime:0.008001s ]
INFO: [ view_parse ] --END-- [ RunTime:0.009001s ]
INFO: [ view_filter ] --START--
INFO: Run Behavior\WriteHtmlCacheBehavior [ RunTime:0.001000s ]
INFO: [ view_filter ] --END-- [ RunTime:0.001000s ]
INFO: [ app_end ] --START--
INFO: Run Behavior\ShowPageTraceBehavior [ RunTime:0.000000s ]
INFO: [ app_end ] --END-- [ RunTime:0.001000s ]

[ 2016-11-14T16:00:58+08:00 ] 127.0.0.1 /Admin/Mui/price1
INFO: [ app_init ] --START--
INFO: Run Behavior\BuildLiteBehavior [ RunTime:0.000000s ]
INFO: [ app_init ] --END-- [ RunTime:0.001000s ]
INFO: [ app_begin ] --START--
INFO: Run Behavior\ReadHtmlCacheBehavior [ RunTime:0.001000s ]
INFO: [ app_begin ] --END-- [ RunTime:0.002000s ]
SQL: SHOW COLUMNS FROM `my_goods` [ RunTime:0.0030s ]
SQL: SELECT * FROM `my_goods`  [ RunTime:0.0000s ]
SQL: SELECT COUNT(*) AS tp_count FROM `my_goods` LIMIT 1   [ RunTime:0.0000s ]
SQL: SELECT * FROM `my_goods` LIMIT 0,5   [ RunTime:0.0000s ]
INFO: [ view_parse ] --START--
INFO: [ template_filter ] --START--
INFO: Run Behavior\ContentReplaceBehavior [ RunTime:0.000000s ]
INFO: [ template_filter ] --END-- [ RunTime:0.000000s ]
INFO: Run Behavior\ParseTemplateBehavior [ RunTime:0.012001s ]
INFO: [ view_parse ] --END-- [ RunTime:0.012001s ]
INFO: [ view_filter ] --START--
INFO: Run Behavior\WriteHtmlCacheBehavior [ RunTime:0.001000s ]
INFO: [ view_filter ] --END-- [ RunTime:0.001000s ]
INFO: [ app_end ] --START--
INFO: Run Behavior\ShowPageTraceBehavior [ RunTime:0.001000s ]
INFO: [ app_end ] --END-- [ RunTime:0.001000s ]

[ 2016-11-14T16:01:01+08:00 ] 127.0.0.1 /Admin/Mui/book1
INFO: [ app_init ] --START--
INFO: Run Behavior\BuildLiteBehavior [ RunTime:0.000000s ]
INFO: [ app_init ] --END-- [ RunTime:0.001000s ]
INFO: [ app_begin ] --START--
INFO: Run Behavior\ReadHtmlCacheBehavior [ RunTime:0.001000s ]
INFO: [ app_begin ] --END-- [ RunTime:0.002001s ]
SQL: SHOW COLUMNS FROM `my_goods_brand` [ RunTime:0.0020s ]
SQL: SELECT COUNT(*) AS tp_count FROM `my_goods_brand` LIMIT 1   [ RunTime:0.0000s ]
SQL: SELECT * FROM `my_goods_brand` LIMIT 0,5   [ RunTime:0.0000s ]
INFO: [ view_parse ] --START--
INFO: [ template_filter ] --START--
INFO: Run Behavior\ContentReplaceBehavior [ RunTime:0.000000s ]
INFO: [ template_filter ] --END-- [ RunTime:0.000000s ]
NOTIC: [8] Undefined index: name C:\qq\Application\Runtime\Cache\Admin\6609e986bee6145c84bd6c7d985c586e.php 第 34 行.
NOTIC: [8] Undefined index: name C:\qq\Application\Runtime\Cache\Admin\6609e986bee6145c84bd6c7d985c586e.php 第 34 行.
NOTIC: [8] Undefined index: name C:\qq\Application\Runtime\Cache\Admin\6609e986bee6145c84bd6c7d985c586e.php 第 34 行.
NOTIC: [8] Undefined index: name C:\qq\Application\Runtime\Cache\Admin\6609e986bee6145c84bd6c7d985c586e.php 第 34 行.
NOTIC: [8] Undefined index: name C:\qq\Application\Runtime\Cache\Admin\6609e986bee6145c84bd6c7d985c586e.php 第 34 行.
INFO: Run Behavior\ParseTemplateBehavior [ RunTime:0.010000s ]
INFO: [ view_parse ] --END-- [ RunTime:0.010000s ]
INFO: [ view_filter ] --START--
INFO: Run Behavior\WriteHtmlCacheBehavior [ RunTime:0.000000s ]
INFO: [ view_filter ] --END-- [ RunTime:0.000000s ]
INFO: [ app_end ] --START--
INFO: Run Behavior\ShowPageTraceBehavior [ RunTime:0.000000s ]
INFO: [ app_end ] --END-- [ RunTime:0.000000s ]

[ 2016-11-14T16:01:04+08:00 ] 127.0.0.1 /Admin/Mui/price1
INFO: [ app_init ] --START--
INFO: Run Behavior\BuildLiteBehavior [ RunTime:0.000000s ]
INFO: [ app_init ] --END-- [ RunTime:0.001000s ]
INFO: [ app_begin ] --START--
INFO: Run Behavior\ReadHtmlCacheBehavior [ RunTime:0.001000s ]
INFO: [ app_begin ] --END-- [ RunTime:0.001000s ]
SQL: SHOW COLUMNS FROM `my_goods` [ RunTime:0.0040s ]
SQL: SELECT * FROM `my_goods`  [ RunTime:0.0000s ]
SQL: SELECT COUNT(*) AS tp_count FROM `my_goods` LIMIT 1   [ RunTime:0.0000s ]
SQL: SELECT * FROM `my_goods` LIMIT 0,5   [ RunTime:0.0000s ]
INFO: [ view_parse ] --START--
INFO: [ template_filter ] --START--
INFO: Run Behavior\ContentReplaceBehavior [ RunTime:0.000000s ]
INFO: [ template_filter ] --END-- [ RunTime:0.000000s ]
INFO: Run Behavior\ParseTemplateBehavior [ RunTime:0.009000s ]
INFO: [ view_parse ] --END-- [ RunTime:0.009000s ]
INFO: [ view_filter ] --START--
INFO: Run Behavior\WriteHtmlCacheBehavior [ RunTime:0.001000s ]
INFO: [ view_filter ] --END-- [ RunTime:0.001000s ]
INFO: [ app_end ] --START--
INFO: Run Behavior\ShowPageTraceBehavior [ RunTime:0.001000s ]
INFO: [ app_end ] --END-- [ RunTime:0.001000s ]

[ 2016-11-14T16:01:05+08:00 ] 127.0.0.1 /Admin/Mui/shopping
INFO: [ app_init ] --START--
INFO: Run Behavior\BuildLiteBehavior [ RunTime:0.000000s ]
INFO: [ app_init ] --END-- [ RunTime:0.001000s ]
INFO: [ app_begin ] --START--
INFO: Run Behavior\ReadHtmlCacheBehavior [ RunTime:0.001000s ]
INFO: [ app_begin ] --END-- [ RunTime:0.001000s ]
SQL: SHOW COLUMNS FROM `my_goods_cart` [ RunTime:0.0020s ]
SQL: SELECT * FROM `my_goods_cart`  [ RunTime:0.0000s ]
INFO: [ view_parse ] --START--
INFO: [ template_filter ] --START--
INFO: Run Behavior\ContentReplaceBehavior [ RunTime:0.000000s ]
INFO: [ template_filter ] --END-- [ RunTime:0.000000s ]
NOTIC: [8] Undefined variable: pagestr C:\qq\Application\Runtime\Cache\Admin\3c92299c2a8035a1f07933dfdffa0168.php 第 49 行.
INFO: Run Behavior\ParseTemplateBehavior [ RunTime:0.010001s ]
INFO: [ view_parse ] --END-- [ RunTime:0.010001s ]
INFO: [ view_filter ] --START--
INFO: Run Behavior\WriteHtmlCacheBehavior [ RunTime:0.000000s ]
INFO: [ view_filter ] --END-- [ RunTime:0.001000s ]
INFO: [ app_end ] --START--
INFO: Run Behavior\ShowPageTraceBehavior [ RunTime:0.001000s ]
INFO: [ app_end ] --END-- [ RunTime:0.001000s ]

[ 2016-11-14T16:01:09+08:00 ] 127.0.0.1 /Admin/Mui/plist
INFO: [ app_init ] --START--
INFO: Run Behavior\BuildLiteBehavior [ RunTime:0.000000s ]
INFO: [ app_init ] --END-- [ RunTime:0.001000s ]
INFO: [ app_begin ] --START--
INFO: Run Behavior\ReadHtmlCacheBehavior [ RunTime:0.000000s ]
INFO: [ app_begin ] --END-- [ RunTime:0.002000s ]
SQL: SHOW COLUMNS FROM `my_goods_img` [ RunTime:0.0020s ]
SQL: SELECT * FROM `my_goods_img`  [ RunTime:0.0000s ]
INFO: [ view_parse ] --START--
INFO: [ template_filter ] --START--
INFO: Run Behavior\ContentReplaceBehavior [ RunTime:0.000000s ]
INFO: [ template_filter ] --END-- [ RunTime:0.000000s ]
INFO: Run Behavior\ParseTemplateBehavior [ RunTime:0.010000s ]
INFO: [ view_parse ] --END-- [ RunTime:0.010000s ]
INFO: [ view_filter ] --START--
INFO: Run Behavior\WriteHtmlCacheBehavior [ RunTime:0.000000s ]
INFO: [ view_filter ] --END-- [ RunTime:0.000000s ]
INFO: [ app_end ] --START--
INFO: Run Behavior\ShowPageTraceBehavior [ RunTime:0.001001s ]
INFO: [ app_end ] --END-- [ RunTime:0.001001s ]

[ 2016-11-14T16:01:10+08:00 ] 127.0.0.1 /Admin/Mui/column.html
INFO: [ app_init ] --START--
INFO: Run Behavior\BuildLiteBehavior [ RunTime:0.000000s ]
INFO: [ app_init ] --END-- [ RunTime:0.001001s ]
INFO: [ app_begin ] --START--
INFO: Run Behavior\ReadHtmlCacheBehavior [ RunTime:0.001000s ]
INFO: [ app_begin ] --END-- [ RunTime:0.001000s ]
ERR: 非法操作:column

[ 2016-11-14T16:01:12+08:00 ] 127.0.0.1 /Admin/Mui/shopping
INFO: [ app_init ] --START--
INFO: Run Behavior\BuildLiteBehavior [ RunTime:0.000000s ]
INFO: [ app_init ] --END-- [ RunTime:0.001000s ]
INFO: [ app_begin ] --START--
INFO: Run Behavior\ReadHtmlCacheBehavior [ RunTime:0.001000s ]
INFO: [ app_begin ] --END-- [ RunTime:0.001000s ]
SQL: SHOW COLUMNS FROM `my_goods_cart` [ RunTime:0.0030s ]
SQL: SELECT * FROM `my_goods_cart`  [ RunTime:0.0000s ]
INFO: [ view_parse ] --START--
INFO: [ template_filter ] --START--
INFO: Run Behavior\ContentReplaceBehavior [ RunTime:0.000000s ]
INFO: [ template_filter ] --END-- [ RunTime:0.000000s ]
NOTIC: [8] Undefined variable: pagestr C:\qq\Application\Runtime\Cache\Admin\3c92299c2a8035a1f07933dfdffa0168.php 第 49 行.
INFO: Run Behavior\ParseTemplateBehavior [ RunTime:0.009001s ]
INFO: [ view_parse ] --END-- [ RunTime:0.009001s ]
INFO: [ view_filter ] --START--
INFO: Run Behavior\WriteHtmlCacheBehavior [ RunTime:0.000000s ]
INFO: [ view_filter ] --END-- [ RunTime:0.000000s ]
INFO: [ app_end ] --START--
INFO: Run Behavior\ShowPageTraceBehavior [ RunTime:0.001000s ]
INFO: [ app_end ] --END-- [ RunTime:0.001000s ]

[ 2016-11-14T16:01:19+08:00 ] 127.0.0.1 /Admin/Mui/price1
INFO: [ app_init ] --START--
INFO: Run Behavior\BuildLiteBehavior [ RunTime:0.000000s ]
INFO: [ app_init ] --END-- [ RunTime:0.001000s ]
INFO: [ app_begin ] --START--
INFO: Run Behavior\ReadHtmlCacheBehavior [ RunTime:0.002001s ]
INFO: [ app_begin ] --END-- [ RunTime:0.002001s ]
SQL: SHOW COLUMNS FROM `my_goods` [ RunTime:0.0020s ]
SQL: SELECT * FROM `my_goods`  [ RunTime:0.0000s ]
SQL: SELECT COUNT(*) AS tp_count FROM `my_goods` LIMIT 1   [ RunTime:0.0000s ]
SQL: SELECT * FROM `my_goods` LIMIT 0,5   [ RunTime:0.0000s ]
INFO: [ view_parse ] --START--
INFO: [ template_filter ] --START--
INFO: Run Behavior\ContentReplaceBehavior [ RunTime:0.000000s ]
INFO: [ template_filter ] --END-- [ RunTime:0.000000s ]
INFO: Run Behavior\ParseTemplateBehavior [ RunTime:0.009001s ]
INFO: [ view_parse ] --END-- [ RunTime:0.009001s ]
INFO: [ view_filter ] --START--
INFO: Run Behavior\WriteHtmlCacheBehavior [ RunTime:0.001000s ]
INFO: [ view_filter ] --END-- [ RunTime:0.001000s ]
INFO: [ app_end ] --START--
INFO: Run Behavior\ShowPageTraceBehavior [ RunTime:0.001000s ]
INFO: [ app_end ] --END-- [ RunTime:0.001000s ]

[ 2016-11-14T16:01:21+08:00 ] 127.0.0.1 /Admin/Mui/book1
INFO: [ app_init ] --START--
INFO: Run Behavior\BuildLiteBehavior [ RunTime:0.000000s ]
INFO: [ app_init ] --END-- [ RunTime:0.001000s ]
INFO: [ app_begin ] --START--
INFO: Run Behavior\ReadHtmlCacheBehavior [ RunTime:0.001000s ]
INFO: [ app_begin ] --END-- [ RunTime:0.001000s ]
SQL: SHOW COLUMNS FROM `my_goods_brand` [ RunTime:0.0040s ]
SQL: SELECT COUNT(*) AS tp_count FROM `my_goods_brand` LIMIT 1   [ RunTime:0.0000s ]
SQL: SELECT * FROM `my_goods_brand` LIMIT 0,5   [ RunTime:0.0010s ]
INFO: [ view_parse ] --START--
INFO: [ template_filter ] --START--
INFO: Run Behavior\ContentReplaceBehavior [ RunTime:0.000000s ]
INFO: [ template_filter ] --END-- [ RunTime:0.000000s ]
NOTIC: [8] Undefined index: name C:\qq\Application\Runtime\Cache\Admin\6609e986bee6145c84bd6c7d985c586e.php 第 34 行.
NOTIC: [8] Undefined index: name C:\qq\Application\Runtime\Cache\Admin\6609e986bee6145c84bd6c7d985c586e.php 第 34 行.
NOTIC: [8] Undefined index: name C:\qq\Application\Runtime\Cache\Admin\6609e986bee6145c84bd6c7d985c586e.php 第 34 行.
NOTIC: [8] Undefined index: name C:\qq\Application\Runtime\Cache\Admin\6609e986bee6145c84bd6c7d985c586e.php 第 34 行.
NOTIC: [8] Undefined index: name C:\qq\Application\Runtime\Cache\Admin\6609e986bee6145c84bd6c7d985c586e.php 第 34 行.
INFO: Run Behavior\ParseTemplateBehavior [ RunTime:0.009001s ]
INFO: [ view_parse ] --END-- [ RunTime:0.009001s ]
INFO: [ view_filter ] --START--
INFO: Run Behavior\WriteHtmlCacheBehavior [ RunTime:0.000000s ]
INFO: [ view_filter ] --END-- [ RunTime:0.001000s ]
INFO: [ app_end ] --START--
INFO: Run Behavior\ShowPageTraceBehavior [ RunTime:0.000000s ]
INFO: [ app_end ] --END-- [ RunTime:0.000000s ]

[ 2016-11-14T16:01:23+08:00 ] 127.0.0.1 /Admin/Mui/book
INFO: [ app_init ] --START--
INFO: Run Behavior\BuildLiteBehavior [ RunTime:0.000000s ]
INFO: [ app_init ] --END-- [ RunTime:0.001000s ]
INFO: [ app_begin ] --START--
INFO: Run Behavior\ReadHtmlCacheBehavior [ RunTime:0.001000s ]
INFO: [ app_begin ] --END-- [ RunTime:0.002000s ]
SQL: SHOW COLUMNS FROM `my_goods_brand` [ RunTime:0.0020s ]
SQL: SELECT * FROM `my_goods_brand`  [ RunTime:0.0010s ]
INFO: [ view_parse ] --START--
INFO: [ template_filter ] --START--
INFO: Run Behavior\ContentReplaceBehavior [ RunTime:0.000000s ]
INFO: [ template_filter ] --END-- [ RunTime:0.000000s ]
INFO: Run Behavior\ParseTemplateBehavior [ RunTime:0.010000s ]
INFO: [ view_parse ] --END-- [ RunTime:0.010000s ]
INFO: [ view_filter ] --START--
INFO: Run Behavior\WriteHtmlCacheBehavior [ RunTime:0.001000s ]
INFO: [ view_filter ] --END-- [ RunTime:0.001000s ]
INFO: [ app_end ] --START--
INFO: Run Behavior\ShowPageTraceBehavior [ RunTime:0.001000s ]
INFO: [ app_end ] --END-- [ RunTime:0.001000s ]

[ 2016-11-14T16:01:27+08:00 ] 127.0.0.1 /Admin/Mui/adv.html
INFO: [ app_init ] --START--
INFO: Run Behavior\BuildLiteBehavior [ RunTime:0.000000s ]
INFO: [ app_init ] --END-- [ RunTime:0.001000s ]
INFO: [ app_begin ] --START--
INFO: Run Behavior\ReadHtmlCacheBehavior [ RunTime:0.001000s ]
INFO: [ app_begin ] --END-- [ RunTime:0.001000s ]
ERR: 非法操作:adv

[ 2016-11-14T16:01:29+08:00 ] 127.0.0.1 /Admin/Mui/page.html
INFO: [ app_init ] --START--
INFO: Run Behavior\BuildLiteBehavior [ RunTime:0.000000s ]
INFO: [ app_init ] --END-- [ RunTime:0.001000s ]
INFO: [ app_begin ] --START--
INFO: Run Behavior\ReadHtmlCacheBehavior [ RunTime:0.001000s ]
INFO: [ app_begin ] --END-- [ RunTime:0.001000s ]
ERR: 非法操作:page

[ 2016-11-14T16:01:30+08:00 ] 127.0.0.1 /Admin/Mui/info1
INFO: [ app_init ] --START--
INFO: Run Behavior\BuildLiteBehavior [ RunTime:0.000000s ]
INFO: [ app_init ] --END-- [ RunTime:0.001000s ]
INFO: [ app_begin ] --START--
INFO: Run Behavior\ReadHtmlCacheBehavior [ RunTime:0.001000s ]
INFO: [ app_begin ] --END-- [ RunTime:0.001000s ]
ERR: 1146:La table '0720php.my_goods_class' n'existe pas
 [ SQL语句 ] : SHOW COLUMNS FROM `my_goods_class`
ERR: 1146:La table '0720php.my_goods_class' n'existe pas
 [ SQL语句 ] : SHOW COLUMNS FROM `my_goods_class`

[ 2016-11-14T16:01:31+08:00 ] 127.0.0.1 /Admin/Mui/info
INFO: [ app_init ] --START--
INFO: Run Behavior\BuildLiteBehavior [ RunTime:0.000000s ]
INFO: [ app_init ] --END-- [ RunTime:0.001000s ]
INFO: [ app_begin ] --START--
INFO: Run Behavior\ReadHtmlCacheBehavior [ RunTime:0.001000s ]
INFO: [ app_begin ] --END-- [ RunTime:0.001000s ]
SQL: SHOW COLUMNS FROM `my_goods_brand` [ RunTime:0.0040s ]
SQL: SELECT * FROM `my_goods_brand`  [ RunTime:0.0010s ]
SQL: SHOW COLUMNS FROM `my_goods_cat` [ RunTime:0.0030s ]
SQL: SELECT * FROM `my_goods_cat`  [ RunTime:0.0010s ]
SQL: SHOW COLUMNS FROM `my_goods_attr` [ RunTime:0.0020s ]
SQL: SELECT * FROM `my_goods_attr`  [ RunTime:0.0000s ]
INFO: [ view_parse ] --START--
INFO: [ template_filter ] --START--
INFO: Run Behavior\ContentReplaceBehavior [ RunTime:0.000000s ]
INFO: [ template_filter ] --END-- [ RunTime:0.000000s ]
NOTIC: [8] Undefined index: name C:\qq\Application\Runtime\Cache\Admin\60d62f762423e85bb3ea61c0bbb53c65.php 第 45 行.
NOTIC: [8] Undefined index: name C:\qq\Application\Runtime\Cache\Admin\60d62f762423e85bb3ea61c0bbb53c65.php 第 45 行.
NOTIC: [8] Undefined index: name C:\qq\Application\Runtime\Cache\Admin\60d62f762423e85bb3ea61c0bbb53c65.php 第 45 行.
NOTIC: [8] Undefined index: name C:\qq\Application\Runtime\Cache\Admin\60d62f762423e85bb3ea61c0bbb53c65.php 第 45 行.
NOTIC: [8] Undefined index: name C:\qq\Application\Runtime\Cache\Admin\60d62f762423e85bb3ea61c0bbb53c65.php 第 45 行.
NOTIC: [8] Undefined index: name C:\qq\Application\Runtime\Cache\Admin\60d62f762423e85bb3ea61c0bbb53c65.php 第 77 行.
NOTIC: [8] Undefined index: name C:\qq\Application\Runtime\Cache\Admin\60d62f762423e85bb3ea61c0bbb53c65.php 第 77 行.
NOTIC: [8] Undefined index: name C:\qq\Application\Runtime\Cache\Admin\60d62f762423e85bb3ea61c0bbb53c65.php 第 77 行.
NOTIC: [8] Undefined index: name C:\qq\Application\Runtime\Cache\Admin\60d62f762423e85bb3ea61c0bbb53c65.php 第 77 行.
NOTIC: [8] Undefined index: name C:\qq\Application\Runtime\Cache\Admin\60d62f762423e85bb3ea61c0bbb53c65.php 第 77 行.
NOTIC: [8] Undefined index: name C:\qq\Application\Runtime\Cache\Admin\60d62f762423e85bb3ea61c0bbb53c65.php 第 77 行.
NOTIC: [8] Undefined index: name C:\qq\Application\Runtime\Cache\Admin\60d62f762423e85bb3ea61c0bbb53c65.php 第 77 行.
NOTIC: [8] Undefined index: name C:\qq\Application\Runtime\Cache\Admin\60d62f762423e85bb3ea61c0bbb53c65.php 第 77 行.
NOTIC: [8] Undefined index: name C:\qq\Application\Runtime\Cache\Admin\60d62f762423e85bb3ea61c0bbb53c65.php 第 77 行.
NOTIC: [8] Undefined index: name C:\qq\Application\Runtime\Cache\Admin\60d62f762423e85bb3ea61c0bbb53c65.php 第 77 行.
NOTIC: [8] Undefined index: name C:\qq\Application\Runtime\Cache\Admin\60d62f762423e85bb3ea61c0bbb53c65.php 第 77 行.
NOTIC: [8] Undefined index: name C:\qq\Application\Runtime\Cache\Admin\60d62f762423e85bb3ea61c0bbb53c65.php 第 77 行.
NOTIC: [8] Undefined index: name C:\qq\Application\Runtime\Cache\Admin\60d62f762423e85bb3ea61c0bbb53c65.php 第 77 行.
NOTIC: [8] Undefined index: name C:\qq\Application\Runtime\Cache\Admin\60d62f762423e85bb3ea61c0bbb53c65.php 第 77 行.
NOTIC: [8] Undefined index: name C:\qq\Application\Runtime\Cache\Admin\60d62f762423e85bb3ea61c0bbb53c65.php 第 77 行.
NOTIC: [8] Undefined index: name C:\qq\Application\Runtime\Cache\Admin\60d62f762423e85bb3ea61c0bbb53c65.php 第 77 行.
NOTIC: [8] Undefined index: name C:\qq\Application\Runtime\Cache\Admin\60d62f762423e85bb3ea61c0bbb53c65.php 第 77 行.
NOTIC: [8] Undefined index: name C:\qq\Application\Runtime\Cache\Admin\60d62f762423e85bb3ea61c0bbb53c65.php 第 77 行.
NOTIC: [8] Undefined index: name C:\qq\Application\Runtime\Cache\Admin\60d62f762423e85bb3ea61c0bbb53c65.php 第 77 行.
NOTIC: [8] Undefined index: name C:\qq\Application\Runtime\Cache\Admin\60d62f762423e85bb3ea61c0bbb53c65.php 第 77 行.
NOTIC: [8] Undefined index: name C:\qq\Application\Runtime\Cache\Admin\60d62f762423e85bb3ea61c0bbb53c65.php 第 98 行.
NOTIC: [8] Undefined index: name C:\qq\Application\Runtime\Cache\Admin\60d62f762423e85bb3ea61c0bbb53c65.php 第 98 行.
NOTIC: [8] Undefined index: name C:\qq\Application\Runtime\Cache\Admin\60d62f762423e85bb3ea61c0bbb53c65.php 第 98 行.
NOTIC: [8] Undefined index: name C:\qq\Application\Runtime\Cache\Admin\60d62f762423e85bb3ea61c0bbb53c65.php 第 98 行.
NOTIC: [8] Undefined index: name C:\qq\Application\Runtime\Cache\Admin\60d62f762423e85bb3ea61c0bbb53c65.php 第 98 行.
NOTIC: [8] Undefined index: name C:\qq\Application\Runtime\Cache\Admin\60d62f762423e85bb3ea61c0bbb53c65.php 第 98 行.
NOTIC: [8] Undefined index: name C:\qq\Application\Runtime\Cache\Admin\60d62f762423e85bb3ea61c0bbb53c65.php 第 98 行.
NOTIC: [8] Undefined index: name C:\qq\Application\Runtime\Cache\Admin\60d62f762423e85bb3ea61c0bbb53c65.php 第 98 行.
NOTIC: [8] Undefined index: name C:\qq\Application\Runtime\Cache\Admin\60d62f762423e85bb3ea61c0bbb53c65.php 第 98 行.
NOTIC: [8] Undefined index: name C:\qq\Application\Runtime\Cache\Admin\60d62f762423e85bb3ea61c0bbb53c65.php 第 98 行.
NOTIC: [8] Undefined index: name C:\qq\Application\Runtime\Cache\Admin\60d62f762423e85bb3ea61c0bbb53c65.php 第 98 行.
NOTIC: [8] Undefined index: name C:\qq\Application\Runtime\Cache\Admin\60d62f762423e85bb3ea61c0bbb53c65.php 第 98 行.
INFO: Run Behavior\ParseTemplateBehavior [ RunTime:0.017001s ]
INFO: [ view_parse ] --END-- [ RunTime:0.017001s ]
INFO: [ view_filter ] --START--
INFO: Run Behavior\WriteHtmlCacheBehavior [ RunTime:0.001000s ]
INFO: [ view_filter ] --END-- [ RunTime:0.001000s ]
INFO: [ app_end ] --START--
INFO: Run Behavior\ShowPageTraceBehavior [ RunTime:0.001000s ]
INFO: [ app_end ] --END-- [ RunTime:0.001000s ]

[ 2016-11-14T16:01:31+08:00 ] 127.0.0.1 /Admin/Mui/
INFO: [ app_init ] --START--
INFO: Run Behavior\BuildLiteBehavior [ RunTime:0.000000s ]
INFO: [ app_init ] --END-- [ RunTime:0.001001s ]
INFO: [ app_begin ] --START--
INFO: Run Behavior\ReadHtmlCacheBehavior [ RunTime:0.001000s ]
INFO: [ app_begin ] --END-- [ RunTime:0.001000s ]
INFO: [ view_parse ] --START--
INFO: [ template_filter ] --START--
INFO: Run Behavior\ContentReplaceBehavior [ RunTime:0.001000s ]
INFO: [ template_filter ] --END-- [ RunTime:0.001000s ]
INFO: Run Behavior\ParseTemplateBehavior [ RunTime:0.011001s ]
INFO: [ view_parse ] --END-- [ RunTime:0.012001s ]
INFO: [ view_filter ] --START--
INFO: Run Behavior\WriteHtmlCacheBehavior [ RunTime:0.001000s ]
INFO: [ view_filter ] --END-- [ RunTime:0.001000s ]
INFO: [ app_end ] --START--
INFO: Run Behavior\ShowPageTraceBehavior [ RunTime:0.000000s ]
INFO: [ app_end ] --END-- [ RunTime:0.000000s ]

[ 2016-11-14T16:01:32+08:00 ] 127.0.0.1 /Admin/Mui/pass2
INFO: [ app_init ] --START--
INFO: Run Behavior\BuildLiteBehavior [ RunTime:0.000000s ]
INFO: [ app_init ] --END-- [ RunTime:0.001000s ]
INFO: [ app_begin ] --START--
INFO: Run Behavior\ReadHtmlCacheBehavior [ RunTime:0.001000s ]
INFO: [ app_begin ] --END-- [ RunTime:0.001000s ]
INFO: [ view_parse ] --START--
INFO: [ template_filter ] --START--
INFO: Run Behavior\ContentReplaceBehavior [ RunTime:0.000000s ]
INFO: [ template_filter ] --END-- [ RunTime:0.000000s ]
INFO: Run Behavior\ParseTemplateBehavior [ RunTime:0.007000s ]
INFO: [ view_parse ] --END-- [ RunTime:0.007000s ]
INFO: [ view_filter ] --START--
INFO: Run Behavior\WriteHtmlCacheBehavior [ RunTime:0.000000s ]
INFO: [ view_filter ] --END-- [ RunTime:0.001000s ]
INFO: [ app_end ] --START--
INFO: Run Behavior\ShowPageTraceBehavior [ RunTime:0.000000s ]
INFO: [ app_end ] --END-- [ RunTime:0.000000s ]

[ 2016-11-14T16:01:33+08:00 ] 127.0.0.1 /Admin/Mui/pass1
INFO: [ app_init ] --START--
INFO: Run Behavior\BuildLiteBehavior [ RunTime:0.000000s ]
INFO: [ app_init ] --END-- [ RunTime:0.000000s ]
INFO: [ app_begin ] --START--
INFO: Run Behavior\ReadHtmlCacheBehavior [ RunTime:0.001000s ]
INFO: [ app_begin ] --END-- [ RunTime:0.001000s ]
INFO: [ view_parse ] --START--
INFO: [ template_filter ] --START--
INFO: Run Behavior\ContentReplaceBehavior [ RunTime:0.000000s ]
INFO: [ template_filter ] --END-- [ RunTime:0.000000s ]
INFO: Run Behavior\ParseTemplateBehavior [ RunTime:0.010000s ]
INFO: [ view_parse ] --END-- [ RunTime:0.011000s ]
INFO: [ view_filter ] --START--
INFO: Run Behavior\WriteHtmlCacheBehavior [ RunTime:0.000000s ]
INFO: [ view_filter ] --END-- [ RunTime:0.000000s ]
INFO: [ app_end ] --START--
INFO: Run Behavior\ShowPageTraceBehavior [ RunTime:0.001000s ]
INFO: [ app_end ] --END-- [ RunTime:0.001000s ]

[ 2016-11-14T16:01:36+08:00 ] 127.0.0.1 /Admin/Mui/pass
INFO: [ app_init ] --START--
INFO: Run Behavior\BuildLiteBehavior [ RunTime:0.000000s ]
INFO: [ app_init ] --END-- [ RunTime:0.001001s ]
INFO: [ app_begin ] --START--
INFO: Run Behavior\ReadHtmlCacheBehavior [ RunTime:0.001000s ]
INFO: [ app_begin ] --END-- [ RunTime:0.001000s ]
INFO: [ view_parse ] --START--
INFO: [ template_filter ] --START--
INFO: Run Behavior\ContentReplaceBehavior [ RunTime:0.000000s ]
INFO: [ template_filter ] --END-- [ RunTime:0.001000s ]
INFO: Run Behavior\ParseTemplateBehavior [ RunTime:0.008000s ]
INFO: [ view_parse ] --END-- [ RunTime:0.008000s ]
INFO: [ view_filter ] --START--
INFO: Run Behavior\WriteHtmlCacheBehavior [ RunTime:0.001000s ]
INFO: [ view_filter ] --END-- [ RunTime:0.001000s ]
INFO: [ app_end ] --START--
INFO: Run Behavior\ShowPageTraceBehavior [ RunTime:0.001000s ]
INFO: [ app_end ] --END-- [ RunTime:0.001000s ]

[ 2016-11-14T16:01:36+08:00 ] 127.0.0.1 /Admin/Mui/
INFO: [ app_init ] --START--
INFO: Run Behavior\BuildLiteBehavior [ RunTime:0.000000s ]
INFO: [ app_init ] --END-- [ RunTime:0.000000s ]
INFO: [ app_begin ] --START--
INFO: Run Behavior\ReadHtmlCacheBehavior [ RunTime:0.000000s ]
INFO: [ app_begin ] --END-- [ RunTime:0.001000s ]
INFO: [ view_parse ] --START--
INFO: [ template_filter ] --START--
INFO: Run Behavior\ContentReplaceBehavior [ RunTime:0.000000s ]
INFO: [ template_filter ] --END-- [ RunTime:0.000000s ]
INFO: Run Behavior\ParseTemplateBehavior [ RunTime:0.006001s ]
INFO: [ view_parse ] --END-- [ RunTime:0.007001s ]
INFO: [ view_filter ] --START--
INFO: Run Behavior\WriteHtmlCacheBehavior [ RunTime:0.000000s ]
INFO: [ view_filter ] --END-- [ RunTime:0.000000s ]
INFO: [ app_end ] --START--
INFO: Run Behavior\ShowPageTraceBehavior [ RunTime:0.001000s ]
INFO: [ app_end ] --END-- [ RunTime:0.001000s ]

[ 2016-11-14T16:01:36+08:00 ] 127.0.0.1 /Admin/Mui/index
INFO: [ app_init ] --START--
INFO: Run Behavior\BuildLiteBehavior [ RunTime:0.000000s ]
INFO: [ app_init ] --END-- [ RunTime:0.001000s ]
INFO: [ app_begin ] --START--
INFO: Run Behavior\ReadHtmlCacheBehavior [ RunTime:0.001000s ]
INFO: [ app_begin ] --END-- [ RunTime:0.002000s ]
INFO: [ view_parse ] --START--
INFO: [ template_filter ] --START--
INFO: Run Behavior\ContentReplaceBehavior [ RunTime:0.000000s ]
INFO: [ template_filter ] --END-- [ RunTime:0.000000s ]
INFO: Run Behavior\ParseTemplateBehavior [ RunTime:0.011000s ]
INFO: [ view_parse ] --END-- [ RunTime:0.011000s ]
INFO: [ view_filter ] --START--
INFO: Run Behavior\WriteHtmlCacheBehavior [ RunTime:0.000000s ]
INFO: [ view_filter ] --END-- [ RunTime:0.001000s ]
INFO: [ app_end ] --START--
INFO: Run Behavior\ShowPageTraceBehavior [ RunTime:0.001000s ]
INFO: [ app_end ] --END-- [ RunTime:0.001000s ]

[ 2016-11-14T16:01:37+08:00 ] 127.0.0.1 /Admin/Mui/info.html
INFO: [ app_init ] --START--
INFO: Run Behavior\BuildLiteBehavior [ RunTime:0.000000s ]
INFO: [ app_init ] --END-- [ RunTime:0.000000s ]
INFO: [ app_begin ] --START--
INFO: Run Behavior\ReadHtmlCacheBehavior [ RunTime:0.001000s ]
INFO: [ app_begin ] --END-- [ RunTime:0.001000s ]
SQL: SHOW COLUMNS FROM `my_goods_brand` [ RunTime:0.0020s ]
SQL: SELECT * FROM `my_goods_brand`  [ RunTime:0.0010s ]
SQL: SHOW COLUMNS FROM `my_goods_cat` [ RunTime:0.0020s ]
SQL: SELECT * FROM `my_goods_cat`  [ RunTime:0.0000s ]
SQL: SHOW COLUMNS FROM `my_goods_attr` [ RunTime:0.0030s ]
SQL: SELECT * FROM `my_goods_attr`  [ RunTime:0.0000s ]
INFO: [ view_parse ] --START--
INFO: [ template_filter ] --START--
INFO: Run Behavior\ContentReplaceBehavior [ RunTime:0.000000s ]
INFO: [ template_filter ] --END-- [ RunTime:0.000000s ]
NOTIC: [8] Undefined index: name C:\qq\Application\Runtime\Cache\Admin\60d62f762423e85bb3ea61c0bbb53c65.php 第 45 行.
NOTIC: [8] Undefined index: name C:\qq\Application\Runtime\Cache\Admin\60d62f762423e85bb3ea61c0bbb53c65.php 第 45 行.
NOTIC: [8] Undefined index: name C:\qq\Application\Runtime\Cache\Admin\60d62f762423e85bb3ea61c0bbb53c65.php 第 45 行.
NOTIC: [8] Undefined index: name C:\qq\Application\Runtime\Cache\Admin\60d62f762423e85bb3ea61c0bbb53c65.php 第 45 行.
NOTIC: [8] Undefined index: name C:\qq\Application\Runtime\Cache\Admin\60d62f762423e85bb3ea61c0bbb53c65.php 第 45 行.
NOTIC: [8] Undefined index: name C:\qq\Application\Runtime\Cache\Admin\60d62f762423e85bb3ea61c0bbb53c65.php 第 77 行.
NOTIC: [8] Undefined index: name C:\qq\Application\Runtime\Cache\Admin\60d62f762423e85bb3ea61c0bbb53c65.php 第 77 行.
NOTIC: [8] Undefined index: name C:\qq\Application\Runtime\Cache\Admin\60d62f762423e85bb3ea61c0bbb53c65.php 第 77 行.
NOTIC: [8] Undefined index: name C:\qq\Application\Runtime\Cache\Admin\60d62f762423e85bb3ea61c0bbb53c65.php 第 77 行.
NOTIC: [8] Undefined index: name C:\qq\Application\Runtime\Cache\Admin\60d62f762423e85bb3ea61c0bbb53c65.php 第 77 行.
NOTIC: [8] Undefined index: name C:\qq\Application\Runtime\Cache\Admin\60d62f762423e85bb3ea61c0bbb53c65.php 第 77 行.
NOTIC: [8] Undefined index: name C:\qq\Application\Runtime\Cache\Admin\60d62f762423e85bb3ea61c0bbb53c65.php 第 77 行.
NOTIC: [8] Undefined index: name C:\qq\Application\Runtime\Cache\Admin\60d62f762423e85bb3ea61c0bbb53c65.php 第 77 行.
NOTIC: [8] Undefined index: name C:\qq\Application\Runtime\Cache\Admin\60d62f762423e85bb3ea61c0bbb53c65.php 第 77 行.
NOTIC: [8] Undefined index: name C:\qq\Application\Runtime\Cache\Admin\60d62f762423e85bb3ea61c0bbb53c65.php 第 77 行.
NOTIC: [8] Undefined index: name C:\qq\Application\Runtime\Cache\Admin\60d62f762423e85bb3ea61c0bbb53c65.php 第 77 行.
NOTIC: [8] Undefined index: name C:\qq\Application\Runtime\Cache\Admin\60d62f762423e85bb3ea61c0bbb53c65.php 第 77 行.
NOTIC: [8] Undefined index: name C:\qq\Application\Runtime\Cache\Admin\60d62f762423e85bb3ea61c0bbb53c65.php 第 77 行.
NOTIC: [8] Undefined index: name C:\qq\Application\Runtime\Cache\Admin\60d62f762423e85bb3ea61c0bbb53c65.php 第 77 行.
NOTIC: [8] Undefined index: name C:\qq\Application\Runtime\Cache\Admin\60d62f762423e85bb3ea61c0bbb53c65.php 第 77 行.
NOTIC: [8] Undefined index: name C:\qq\Application\Runtime\Cache\Admin\60d62f762423e85bb3ea61c0bbb53c65.php 第 77 行.
NOTIC: [8] Undefined index: name C:\qq\Application\Runtime\Cache\Admin\60d62f762423e85bb3ea61c0bbb53c65.php 第 77 行.
NOTIC: [8] Undefined index: name C:\qq\Application\Runtime\Cache\Admin\60d62f762423e85bb3ea61c0bbb53c65.php 第 77 行.
NOTIC: [8] Undefined index: name C:\qq\Application\Runtime\Cache\Admin\60d62f762423e85bb3ea61c0bbb53c65.php 第 77 行.
NOTIC: [8] Undefined index: name C:\qq\Application\Runtime\Cache\Admin\60d62f762423e85bb3ea61c0bbb53c65.php 第 77 行.
NOTIC: [8] Undefined index: name C:\qq\Application\Runtime\Cache\Admin\60d62f762423e85bb3ea61c0bbb53c65.php 第 98 行.
NOTIC: [8] Undefined index: name C:\qq\Application\Runtime\Cache\Admin\60d62f762423e85bb3ea61c0bbb53c65.php 第 98 行.
NOTIC: [8] Undefined index: name C:\qq\Application\Runtime\Cache\Admin\60d62f762423e85bb3ea61c0bbb53c65.php 第 98 行.
NOTIC: [8] Undefined index: name C:\qq\Application\Runtime\Cache\Admin\60d62f762423e85bb3ea61c0bbb53c65.php 第 98 行.
NOTIC: [8] Undefined index: name C:\qq\Application\Runtime\Cache\Admin\60d62f762423e85bb3ea61c0bbb53c65.php 第 98 行.
NOTIC: [8] Undefined index: name C:\qq\Application\Runtime\Cache\Admin\60d62f762423e85bb3ea61c0bbb53c65.php 第 98 行.
NOTIC: [8] Undefined index: name C:\qq\Application\Runtime\Cache\Admin\60d62f762423e85bb3ea61c0bbb53c65.php 第 98 行.
NOTIC: [8] Undefined index: name C:\qq\Application\Runtime\Cache\Admin\60d62f762423e85bb3ea61c0bbb53c65.php 第 98 行.
NOTIC: [8] Undefined index: name C:\qq\Application\Runtime\Cache\Admin\60d62f762423e85bb3ea61c0bbb53c65.php 第 98 行.
NOTIC: [8] Undefined index: name C:\qq\Application\Runtime\Cache\Admin\60d62f762423e85bb3ea61c0bbb53c65.php 第 98 行.
NOTIC: [8] Undefined index: name C:\qq\Application\Runtime\Cache\Admin\60d62f762423e85bb3ea61c0bbb53c65.php 第 98 行.
NOTIC: [8] Undefined index: name C:\qq\Application\Runtime\Cache\Admin\60d62f762423e85bb3ea61c0bbb53c65.php 第 98 行.
INFO: Run Behavior\ParseTemplateBehavior [ RunTime:0.014001s ]
INFO: [ view_parse ] --END-- [ RunTime:0.014001s ]
INFO: [ view_filter ] --START--
INFO: Run Behavior\WriteHtmlCacheBehavior [ RunTime:0.001000s ]
INFO: [ view_filter ] --END-- [ RunTime:0.001000s ]
INFO: [ app_end ] --START--
INFO: Run Behavior\ShowPageTraceBehavior [ RunTime:0.001000s ]
INFO: [ app_end ] --END-- [ RunTime:0.001000s ]

[ 2016-11-14T16:01:38+08:00 ] 127.0.0.1 /Admin/Mui/pass2
INFO: [ app_init ] --START--
INFO: Run Behavior\BuildLiteBehavior [ RunTime:0.000000s ]
INFO: [ app_init ] --END-- [ RunTime:0.000000s ]
INFO: [ app_begin ] --START--
INFO: Run Behavior\ReadHtmlCacheBehavior [ RunTime:0.001000s ]
INFO: [ app_begin ] --END-- [ RunTime:0.001000s ]
INFO: [ view_parse ] --START--
INFO: [ template_filter ] --START--
INFO: Run Behavior\ContentReplaceBehavior [ RunTime:0.000000s ]
INFO: [ template_filter ] --END-- [ RunTime:0.000000s ]
INFO: Run Behavior\ParseTemplateBehavior [ RunTime:0.005000s ]
INFO: [ view_parse ] --END-- [ RunTime:0.005000s ]
INFO: [ view_filter ] --START--
INFO: Run Behavior\WriteHtmlCacheBehavior [ RunTime:0.000000s ]
INFO: [ view_filter ] --END-- [ RunTime:0.000000s ]
INFO: [ app_end ] --START--
INFO: Run Behavior\ShowPageTraceBehavior [ RunTime:0.001000s ]
INFO: [ app_end ] --END-- [ RunTime:0.001000s ]

[ 2016-11-14T16:01:53+08:00 ] 127.0.0.1 /Admin/Userhome/add
INFO: [ app_init ] --START--
INFO: Run Behavior\BuildLiteBehavior [ RunTime:0.000000s ]
INFO: [ app_init ] --END-- [ RunTime:0.001000s ]
INFO: [ app_begin ] --START--
INFO: Run Behavior\ReadHtmlCacheBehavior [ RunTime:0.001000s ]
INFO: [ app_begin ] --END-- [ RunTime:0.002000s ]
INFO: [ view_parse ] --START--
INFO: [ template_filter ] --START--
INFO: Run Behavior\ContentReplaceBehavior [ RunTime:0.000000s ]
INFO: [ template_filter ] --END-- [ RunTime:0.000000s ]
INFO: Run Behavior\ParseTemplateBehavior [ RunTime:0.015001s ]
INFO: [ view_parse ] --END-- [ RunTime:0.016001s ]
INFO: [ view_filter ] --START--
INFO: Run Behavior\WriteHtmlCacheBehavior [ RunTime:0.001000s ]
INFO: [ view_filter ] --END-- [ RunTime:0.001000s ]
INFO: [ app_end ] --START--
INFO: Run Behavior\ShowPageTraceBehavior [ RunTime:0.001000s ]
INFO: [ app_end ] --END-- [ RunTime:0.001000s ]

[ 2016-11-14T16:01:53+08:00 ] 127.0.0.1 /Admin/Userhome/myself
INFO: [ app_init ] --START--
INFO: Run Behavior\BuildLiteBehavior [ RunTime:0.000000s ]
INFO: [ app_init ] --END-- [ RunTime:0.000000s ]
INFO: [ app_begin ] --START--
INFO: Run Behavior\ReadHtmlCacheBehavior [ RunTime:0.000000s ]
INFO: [ app_begin ] --END-- [ RunTime:0.000000s ]
SQL: SHOW COLUMNS FROM `my_user` [ RunTime:0.0040s ]
SQL: SELECT * FROM `my_user` WHERE ( 2 ) LIMIT 1   [ RunTime:0.0000s ]
INFO: [ view_parse ] --START--
INFO: [ template_filter ] --START--
INFO: Run Behavior\ContentReplaceBehavior [ RunTime:0.000000s ]
INFO: [ template_filter ] --END-- [ RunTime:0.000000s ]
INFO: Run Behavior\ParseTemplateBehavior [ RunTime:0.010001s ]
INFO: [ view_parse ] --END-- [ RunTime:0.010001s ]
INFO: [ view_filter ] --START--
INFO: Run Behavior\WriteHtmlCacheBehavior [ RunTime:0.000000s ]
INFO: [ view_filter ] --END-- [ RunTime:0.000000s ]
INFO: [ app_end ] --START--
INFO: Run Behavior\ShowPageTraceBehavior [ RunTime:0.002000s ]
INFO: [ app_end ] --END-- [ RunTime:0.002000s ]

[ 2016-11-14T16:02:02+08:00 ] 127.0.0.1 /Admin/Userhome/add
INFO: [ app_init ] --START--
INFO: Run Behavior\BuildLiteBehavior [ RunTime:0.000000s ]
INFO: [ app_init ] --END-- [ RunTime:0.000000s ]
INFO: [ app_begin ] --START--
INFO: Run Behavior\ReadHtmlCacheBehavior [ RunTime:0.000000s ]
INFO: [ app_begin ] --END-- [ RunTime:0.000000s ]
INFO: [ view_parse ] --START--
INFO: [ template_filter ] --START--
INFO: Run Behavior\ContentReplaceBehavior [ RunTime:0.000000s ]
INFO: [ template_filter ] --END-- [ RunTime:0.000000s ]
INFO: Run Behavior\ParseTemplateBehavior [ RunTime:0.006001s ]
INFO: [ view_parse ] --END-- [ RunTime:0.006001s ]
INFO: [ view_filter ] --START--
INFO: Run Behavior\WriteHtmlCacheBehavior [ RunTime:0.000000s ]
INFO: [ view_filter ] --END-- [ RunTime:0.000000s ]
INFO: [ app_end ] --START--
INFO: Run Behavior\ShowPageTraceBehavior [ RunTime:0.001000s ]
INFO: [ app_end ] --END-- [ RunTime:0.001000s ]

[ 2016-11-14T16:02:03+08:00 ] 127.0.0.1 /Admin/Userhome/myself
INFO: [ app_init ] --START--
INFO: Run Behavior\BuildLiteBehavior [ RunTime:0.000000s ]
INFO: [ app_init ] --END-- [ RunTime:0.000000s ]
INFO: [ app_begin ] --START--
INFO: Run Behavior\ReadHtmlCacheBehavior [ RunTime:0.000000s ]
INFO: [ app_begin ] --END-- [ RunTime:0.000000s ]
SQL: SHOW COLUMNS FROM `my_user` [ RunTime:0.0020s ]
SQL: SELECT * FROM `my_user` WHERE ( 2 ) LIMIT 1   [ RunTime:0.0000s ]
INFO: [ view_parse ] --START--
INFO: [ template_filter ] --START--
INFO: Run Behavior\ContentReplaceBehavior [ RunTime:0.000000s ]
INFO: [ template_filter ] --END-- [ RunTime:0.000000s ]
INFO: Run Behavior\ParseTemplateBehavior [ RunTime:0.007001s ]
INFO: [ view_parse ] --END-- [ RunTime:0.007001s ]
INFO: [ view_filter ] --START--
INFO: Run Behavior\WriteHtmlCacheBehavior [ RunTime:0.000000s ]
INFO: [ view_filter ] --END-- [ RunTime:0.001000s ]
INFO: [ app_end ] --START--
INFO: Run Behavior\ShowPageTraceBehavior [ RunTime:0.000000s ]
INFO: [ app_end ] --END-- [ RunTime:0.000000s ]

[ 2016-11-14T16:02:11+08:00 ] 127.0.0.1 /Admin/Userhome/goodslist
INFO: [ app_init ] --START--
INFO: Run Behavior\BuildLiteBehavior [ RunTime:0.000000s ]
INFO: [ app_init ] --END-- [ RunTime:0.002000s ]
INFO: [ app_begin ] --START--
INFO: Run Behavior\ReadHtmlCacheBehavior [ RunTime:0.001000s ]
INFO: [ app_begin ] --END-- [ RunTime:0.001000s ]
SQL: SHOW COLUMNS FROM `my_goods` [ RunTime:0.0030s ]
SQL: SELECT COUNT(*) AS tp_count FROM `my_goods` LIMIT 1   [ RunTime:0.0010s ]
SQL: SELECT my_goods.*,my_goods_brand.brand_name,my_goods_cat.cat_name,my_goods_attr.attr_name FROM `my_goods` INNER JOIN my_goods_brand on my_goods.brand_id=my_goods_brand.id INNER JOIN my_goods_cat on my_goods.cat_id=my_goods_cat.id INNER JOIN my_goods_attr on my_goods.attr_id=my_goods_attr.id  LIMIT 0,5   [ RunTime:0.0000s ]
INFO: [ view_parse ] --START--
INFO: [ template_filter ] --START--
INFO: Run Behavior\ContentReplaceBehavior [ RunTime:0.000000s ]
INFO: [ template_filter ] --END-- [ RunTime:0.000000s ]
INFO: Run Behavior\ParseTemplateBehavior [ RunTime:0.012001s ]
INFO: [ view_parse ] --END-- [ RunTime:0.012001s ]
INFO: [ view_filter ] --START--
INFO: Run Behavior\WriteHtmlCacheBehavior [ RunTime:0.001000s ]
INFO: [ view_filter ] --END-- [ RunTime:0.001000s ]
INFO: [ app_end ] --START--
INFO: Run Behavior\ShowPageTraceBehavior [ RunTime:0.001000s ]
INFO: [ app_end ] --END-- [ RunTime:0.001000s ]

[ 2016-11-14T16:08:01+08:00 ] 127.0.0.1 /Admin/Userhome/add
INFO: [ app_init ] --START--
INFO: Run Behavior\BuildLiteBehavior [ RunTime:0.001000s ]
INFO: [ app_init ] --END-- [ RunTime:0.002000s ]
INFO: [ app_begin ] --START--
INFO: Run Behavior\ReadHtmlCacheBehavior [ RunTime:0.001000s ]
INFO: [ app_begin ] --END-- [ RunTime:0.002000s ]
INFO: [ view_parse ] --START--
INFO: [ template_filter ] --START--
INFO: Run Behavior\ContentReplaceBehavior [ RunTime:0.000000s ]
INFO: [ template_filter ] --END-- [ RunTime:0.000000s ]
INFO: Run Behavior\ParseTemplateBehavior [ RunTime:0.006000s ]
INFO: [ view_parse ] --END-- [ RunTime:0.006000s ]
INFO: [ view_filter ] --START--
INFO: Run Behavior\WriteHtmlCacheBehavior [ RunTime:0.000000s ]
INFO: [ view_filter ] --END-- [ RunTime:0.001000s ]
INFO: [ app_end ] --START--
INFO: Run Behavior\ShowPageTraceBehavior [ RunTime:0.001000s ]
INFO: [ app_end ] --END-- [ RunTime:0.001000s ]

[ 2016-11-14T16:08:01+08:00 ] 127.0.0.1 /Admin/Userhome/myself
INFO: [ app_init ] --START--
INFO: Run Behavior\BuildLiteBehavior [ RunTime:0.000000s ]
INFO: [ app_init ] --END-- [ RunTime:0.001000s ]
INFO: [ app_begin ] --START--
INFO: Run Behavior\ReadHtmlCacheBehavior [ RunTime:0.001000s ]
INFO: [ app_begin ] --END-- [ RunTime:0.001000s ]
SQL: SHOW COLUMNS FROM `my_user` [ RunTime:0.0020s ]
SQL: SELECT * FROM `my_user` WHERE ( 2 ) LIMIT 1   [ RunTime:0.0000s ]
INFO: [ view_parse ] --START--
INFO: [ template_filter ] --START--
INFO: Run Behavior\ContentReplaceBehavior [ RunTime:0.000000s ]
INFO: [ template_filter ] --END-- [ RunTime:0.000000s ]
INFO: Run Behavior\ParseTemplateBehavior [ RunTime:0.009001s ]
INFO: [ view_parse ] --END-- [ RunTime:0.009001s ]
INFO: [ view_filter ] --START--
INFO: Run Behavior\WriteHtmlCacheBehavior [ RunTime:0.000000s ]
INFO: [ view_filter ] --END-- [ RunTime:0.000000s ]
INFO: [ app_end ] --START--
INFO: Run Behavior\ShowPageTraceBehavior [ RunTime:0.000000s ]
INFO: [ app_end ] --END-- [ RunTime:0.003000s ]

[ 2016-11-14T16:08:04+08:00 ] 127.0.0.1 /Admin/Userhome/dingdan
INFO: [ app_init ] --START--
INFO: Run Behavior\BuildLiteBehavior [ RunTime:0.000000s ]
INFO: [ app_init ] --END-- [ RunTime:0.001000s ]
INFO: [ app_begin ] --START--
INFO: Run Behavior\ReadHtmlCacheBehavior [ RunTime:0.001000s ]
INFO: [ app_begin ] --END-- [ RunTime:0.001000s ]
SQL: SHOW COLUMNS FROM `my_goods_dingdan` [ RunTime:0.0030s ]
SQL: SELECT * FROM `my_goods_dingdan`  [ RunTime:0.0000s ]
INFO: [ view_parse ] --START--
INFO: [ template_filter ] --START--
INFO: Run Behavior\ContentReplaceBehavior [ RunTime:0.000000s ]
INFO: [ template_filter ] --END-- [ RunTime:0.000000s ]
NOTIC: [8] Undefined variable: pagestr C:\qq\Application\Runtime\Cache\Admin\e112e218e9f632c83f450bc9c11fb62f.php 第 49 行.
INFO: Run Behavior\ParseTemplateBehavior [ RunTime:0.013001s ]
INFO: [ view_parse ] --END-- [ RunTime:0.013001s ]
INFO: [ view_filter ] --START--
INFO: Run Behavior\WriteHtmlCacheBehavior [ RunTime:0.001000s ]
INFO: [ view_filter ] --END-- [ RunTime:0.001000s ]
INFO: [ app_end ] --START--
INFO: Run Behavior\ShowPageTraceBehavior [ RunTime:0.001000s ]
INFO: [ app_end ] --END-- [ RunTime:0.001000s ]

[ 2016-11-14T16:10:51+08:00 ] 127.0.0.1 /Admin/Userhome/add
INFO: [ app_init ] --START--
INFO: Run Behavior\BuildLiteBehavior [ RunTime:0.000000s ]
INFO: [ app_init ] --END-- [ RunTime:0.001000s ]
INFO: [ app_begin ] --START--
INFO: Run Behavior\ReadHtmlCacheBehavior [ RunTime:0.000000s ]
INFO: [ app_begin ] --END-- [ RunTime:0.001000s ]
INFO: [ view_parse ] --START--
INFO: [ template_filter ] --START--
INFO: Run Behavior\ContentReplaceBehavior [ RunTime:0.000000s ]
INFO: [ template_filter ] --END-- [ RunTime:0.000000s ]
INFO: Run Behavior\ParseTemplateBehavior [ RunTime:0.007000s ]
INFO: [ view_parse ] --END-- [ RunTime:0.007000s ]
INFO: [ view_filter ] --START--
INFO: Run Behavior\WriteHtmlCacheBehavior [ RunTime:0.001000s ]
INFO: [ view_filter ] --END-- [ RunTime:0.001000s ]
INFO: [ app_end ] --START--
INFO: Run Behavior\ShowPageTraceBehavior [ RunTime:0.001000s ]
INFO: [ app_end ] --END-- [ RunTime:0.001000s ]

[ 2016-11-14T16:10:51+08:00 ] 127.0.0.1 /Admin/Userhome/myself
INFO: [ app_init ] --START--
INFO: Run Behavior\BuildLiteBehavior [ RunTime:0.000000s ]
INFO: [ app_init ] --END-- [ RunTime:0.000000s ]
INFO: [ app_begin ] --START--
INFO: Run Behavior\ReadHtmlCacheBehavior [ RunTime:0.001000s ]
INFO: [ app_begin ] --END-- [ RunTime:0.001000s ]
SQL: SHOW COLUMNS FROM `my_user` [ RunTime:0.0020s ]
SQL: SELECT * FROM `my_user` WHERE ( 2 ) LIMIT 1   [ RunTime:0.0000s ]
INFO: [ view_parse ] --START--
INFO: [ template_filter ] --START--
INFO: Run Behavior\ContentReplaceBehavior [ RunTime:0.000000s ]
INFO: [ template_filter ] --END-- [ RunTime:0.000000s ]
INFO: Run Behavior\ParseTemplateBehavior [ RunTime:0.008001s ]
INFO: [ view_parse ] --END-- [ RunTime:0.008001s ]
INFO: [ view_filter ] --START--
INFO: Run Behavior\WriteHtmlCacheBehavior [ RunTime:0.001000s ]
INFO: [ view_filter ] --END-- [ RunTime:0.001000s ]
INFO: [ app_end ] --START--
INFO: Run Behavior\ShowPageTraceBehavior [ RunTime:0.001000s ]
INFO: [ app_end ] --END-- [ RunTime:0.001000s ]

[ 2016-11-14T16:10:52+08:00 ] 127.0.0.1 /Admin/Userhome/dingdan
INFO: [ app_init ] --START--
INFO: Run Behavior\BuildLiteBehavior [ RunTime:0.000000s ]
INFO: [ app_init ] --END-- [ RunTime:0.001000s ]
INFO: [ app_begin ] --START--
INFO: Run Behavior\ReadHtmlCacheBehavior [ RunTime:0.000000s ]
INFO: [ app_begin ] --END-- [ RunTime:0.001000s ]
SQL: SHOW COLUMNS FROM `my_goods_dingdan` [ RunTime:0.0020s ]
SQL: SELECT my_goods_dingdan.*,my_goods.* FROM `my_goods_dingdan` INNER JOIN my_goods on my_goods_dingdan.goods_id=my_goods.id   [ RunTime:0.0000s ]
INFO: [ view_parse ] --START--
INFO: [ template_filter ] --START--
INFO: Run Behavior\ContentReplaceBehavior [ RunTime:0.001000s ]
INFO: [ template_filter ] --END-- [ RunTime:0.001000s ]
NOTIC: [8] Undefined variable: pagestr C:\qq\Application\Runtime\Cache\Admin\e112e218e9f632c83f450bc9c11fb62f.php 第 49 行.
INFO: Run Behavior\ParseTemplateBehavior [ RunTime:0.008001s ]
INFO: [ view_parse ] --END-- [ RunTime:0.009001s ]
INFO: [ view_filter ] --START--
INFO: Run Behavior\WriteHtmlCacheBehavior [ RunTime:0.000000s ]
INFO: [ view_filter ] --END-- [ RunTime:0.000000s ]
INFO: [ app_end ] --START--
INFO: Run Behavior\ShowPageTraceBehavior [ RunTime:0.001000s ]
INFO: [ app_end ] --END-- [ RunTime:0.001000s ]

[ 2016-11-14T16:22:28+08:00 ] 127.0.0.1 /Admin/Userhome/add
INFO: [ app_init ] --START--
INFO: Run Behavior\BuildLiteBehavior [ RunTime:0.001000s ]
INFO: [ app_init ] --END-- [ RunTime:0.001000s ]
INFO: [ app_begin ] --START--
INFO: Run Behavior\ReadHtmlCacheBehavior [ RunTime:0.001000s ]
INFO: [ app_begin ] --END-- [ RunTime:0.002000s ]
INFO: [ view_parse ] --START--
INFO: [ template_filter ] --START--
INFO: Run Behavior\ContentReplaceBehavior [ RunTime:0.001000s ]
INFO: [ template_filter ] --END-- [ RunTime:0.001000s ]
INFO: Run Behavior\ParseTemplateBehavior [ RunTime:0.008001s ]
INFO: [ view_parse ] --END-- [ RunTime:0.008001s ]
INFO: [ view_filter ] --START--
INFO: Run Behavior\WriteHtmlCacheBehavior [ RunTime:0.001000s ]
INFO: [ view_filter ] --END-- [ RunTime:0.001000s ]
INFO: [ app_end ] --START--
INFO: Run Behavior\ShowPageTraceBehavior [ RunTime:0.001000s ]
INFO: [ app_end ] --END-- [ RunTime:0.001000s ]

[ 2016-11-14T16:22:28+08:00 ] 127.0.0.1 /Admin/Userhome/myself
INFO: [ app_init ] --START--
INFO: Run Behavior\BuildLiteBehavior [ RunTime:0.000000s ]
INFO: [ app_init ] --END-- [ RunTime:0.000000s ]
INFO: [ app_begin ] --START--
INFO: Run Behavior\ReadHtmlCacheBehavior [ RunTime:0.001000s ]
INFO: [ app_begin ] --END-- [ RunTime:0.001000s ]
SQL: SHOW COLUMNS FROM `my_user` [ RunTime:0.0030s ]
SQL: SELECT * FROM `my_user` WHERE ( 4 ) LIMIT 1   [ RunTime:0.0000s ]
INFO: [ view_parse ] --START--
INFO: [ template_filter ] --START--
INFO: Run Behavior\ContentReplaceBehavior [ RunTime:0.000000s ]
INFO: [ template_filter ] --END-- [ RunTime:0.000000s ]
INFO: Run Behavior\ParseTemplateBehavior [ RunTime:0.009001s ]
INFO: [ view_parse ] --END-- [ RunTime:0.009001s ]
INFO: [ view_filter ] --START--
INFO: Run Behavior\WriteHtmlCacheBehavior [ RunTime:0.001000s ]
INFO: [ view_filter ] --END-- [ RunTime:0.001000s ]
INFO: [ app_end ] --START--
INFO: Run Behavior\ShowPageTraceBehavior [ RunTime:0.001000s ]
INFO: [ app_end ] --END-- [ RunTime:0.001000s ]

[ 2016-11-14T16:22:31+08:00 ] 127.0.0.1 /Admin/Userhome/dingdan
INFO: [ app_init ] --START--
INFO: Run Behavior\BuildLiteBehavior [ RunTime:0.000000s ]
INFO: [ app_init ] --END-- [ RunTime:0.001000s ]
INFO: [ app_begin ] --START--
INFO: Run Behavior\ReadHtmlCacheBehavior [ RunTime:0.000000s ]
INFO: [ app_begin ] --END-- [ RunTime:0.001000s ]
SQL: SHOW COLUMNS FROM `my_goods_dingdan` [ RunTime:0.0020s ]
SQL: SELECT my_goods_dingdan.*,my_goods.* FROM `my_goods_dingdan` INNER JOIN my_goods on my_goods_dingdan.goods_id=my_goods.id   [ RunTime:0.0000s ]
INFO: [ view_parse ] --START--
INFO: [ template_filter ] --START--
INFO: Run Behavior\ContentReplaceBehavior [ RunTime:0.000000s ]
INFO: [ template_filter ] --END-- [ RunTime:0.000000s ]
NOTIC: [8] Undefined variable: pagestr C:\qq\Application\Runtime\Cache\Admin\e112e218e9f632c83f450bc9c11fb62f.php 第 49 行.
INFO: Run Behavior\ParseTemplateBehavior [ RunTime:0.009001s ]
INFO: [ view_parse ] --END-- [ RunTime:0.009001s ]
INFO: [ view_filter ] --START--
INFO: Run Behavior\WriteHtmlCacheBehavior [ RunTime:0.000000s ]
INFO: [ view_filter ] --END-- [ RunTime:0.001000s ]
INFO: [ app_end ] --START--
INFO: Run Behavior\ShowPageTraceBehavior [ RunTime:0.000000s ]
INFO: [ app_end ] --END-- [ RunTime:0.000000s ]

[ 2016-11-14T16:23:27+08:00 ] 127.0.0.1 /Admin/Userhome/add
INFO: [ app_init ] --START--
INFO: Run Behavior\BuildLiteBehavior [ RunTime:0.000000s ]
INFO: [ app_init ] --END-- [ RunTime:0.001000s ]
INFO: [ app_begin ] --START--
INFO: Run Behavior\ReadHtmlCacheBehavior [ RunTime:0.001000s ]
INFO: [ app_begin ] --END-- [ RunTime:0.001000s ]
INFO: [ view_parse ] --START--
INFO: [ template_filter ] --START--
INFO: Run Behavior\ContentReplaceBehavior [ RunTime:0.000000s ]
INFO: [ template_filter ] --END-- [ RunTime:0.000000s ]
INFO: Run Behavior\ParseTemplateBehavior [ RunTime:0.006001s ]
INFO: [ view_parse ] --END-- [ RunTime:0.006001s ]
INFO: [ view_filter ] --START--
INFO: Run Behavior\WriteHtmlCacheBehavior [ RunTime:0.000000s ]
INFO: [ view_filter ] --END-- [ RunTime:0.000000s ]
INFO: [ app_end ] --START--
INFO: Run Behavior\ShowPageTraceBehavior [ RunTime:0.002000s ]
INFO: [ app_end ] --END-- [ RunTime:0.002000s ]

[ 2016-11-14T16:23:28+08:00 ] 127.0.0.1 /Admin/Userhome/myself
INFO: [ app_init ] --START--
INFO: Run Behavior\BuildLiteBehavior [ RunTime:0.000000s ]
INFO: [ app_init ] --END-- [ RunTime:0.001000s ]
INFO: [ app_begin ] --START--
INFO: Run Behavior\ReadHtmlCacheBehavior [ RunTime:0.001000s ]
INFO: [ app_begin ] --END-- [ RunTime:0.001000s ]
SQL: SHOW COLUMNS FROM `my_user` [ RunTime:0.0040s ]
SQL: SELECT * FROM `my_user` WHERE ( 4 ) LIMIT 1   [ RunTime:0.0000s ]
INFO: [ view_parse ] --START--
INFO: [ template_filter ] --START--
INFO: Run Behavior\ContentReplaceBehavior [ RunTime:0.001000s ]
INFO: [ template_filter ] --END-- [ RunTime:0.001000s ]
INFO: Run Behavior\ParseTemplateBehavior [ RunTime:0.012000s ]
INFO: [ view_parse ] --END-- [ RunTime:0.012000s ]
INFO: [ view_filter ] --START--
INFO: Run Behavior\WriteHtmlCacheBehavior [ RunTime:0.000000s ]
INFO: [ view_filter ] --END-- [ RunTime:0.000000s ]
INFO: [ app_end ] --START--
INFO: Run Behavior\ShowPageTraceBehavior [ RunTime:0.000000s ]
INFO: [ app_end ] --END-- [ RunTime:0.000000s ]

[ 2016-11-14T16:23:29+08:00 ] 127.0.0.1 /Admin/Userhome/dingdan
INFO: [ app_init ] --START--
INFO: Run Behavior\BuildLiteBehavior [ RunTime:0.000000s ]
INFO: [ app_init ] --END-- [ RunTime:0.001000s ]
INFO: [ app_begin ] --START--
INFO: Run Behavior\ReadHtmlCacheBehavior [ RunTime:0.001000s ]
INFO: [ app_begin ] --END-- [ RunTime:0.001000s ]
SQL: SHOW COLUMNS FROM `my_goods_dingdan` [ RunTime:0.0030s ]
SQL: SELECT my_goods_dingdan.*,my_goods.* FROM `my_goods_dingdan` INNER JOIN my_goods on my_goods_dingdan.goods_id=my_goods.id   [ RunTime:0.0000s ]
INFO: [ view_parse ] --START--
INFO: [ template_filter ] --START--
INFO: Run Behavior\ContentReplaceBehavior [ RunTime:0.000000s ]
INFO: [ template_filter ] --END-- [ RunTime:0.001000s ]
NOTIC: [8] Undefined variable: pagestr C:\qq\Application\Runtime\Cache\Admin\e112e218e9f632c83f450bc9c11fb62f.php 第 51 行.
INFO: Run Behavior\ParseTemplateBehavior [ RunTime:0.010001s ]
INFO: [ view_parse ] --END-- [ RunTime:0.010001s ]
INFO: [ view_filter ] --START--
INFO: Run Behavior\WriteHtmlCacheBehavior [ RunTime:0.001000s ]
INFO: [ view_filter ] --END-- [ RunTime:0.001000s ]
INFO: [ app_end ] --START--
INFO: Run Behavior\ShowPageTraceBehavior [ RunTime:0.000000s ]
INFO: [ app_end ] --END-- [ RunTime:0.000000s ]

[ 2016-11-14T16:24:08+08:00 ] 127.0.0.1 /Admin/Userhome/goodslist
INFO: [ app_init ] --START--
INFO: Run Behavior\BuildLiteBehavior [ RunTime:0.000000s ]
INFO: [ app_init ] --END-- [ RunTime:0.001000s ]
INFO: [ app_begin ] --START--
INFO: Run Behavior\ReadHtmlCacheBehavior [ RunTime:0.001000s ]
INFO: [ app_begin ] --END-- [ RunTime:0.001000s ]
SQL: SHOW COLUMNS FROM `my_goods` [ RunTime:0.0040s ]
SQL: SELECT COUNT(*) AS tp_count FROM `my_goods` LIMIT 1   [ RunTime:0.0010s ]
SQL: SELECT my_goods.*,my_goods_brand.brand_name,my_goods_cat.cat_name,my_goods_attr.attr_name FROM `my_goods` INNER JOIN my_goods_brand on my_goods.brand_id=my_goods_brand.id INNER JOIN my_goods_cat on my_goods.cat_id=my_goods_cat.id INNER JOIN my_goods_attr on my_goods.attr_id=my_goods_attr.id  LIMIT 0,5   [ RunTime:0.0000s ]
INFO: [ view_parse ] --START--
INFO: [ template_filter ] --START--
INFO: Run Behavior\ContentReplaceBehavior [ RunTime:0.000000s ]
INFO: [ template_filter ] --END-- [ RunTime:0.000000s ]
INFO: Run Behavior\ParseTemplateBehavior [ RunTime:0.012000s ]
INFO: [ view_parse ] --END-- [ RunTime:0.012000s ]
INFO: [ view_filter ] --START--
INFO: Run Behavior\WriteHtmlCacheBehavior [ RunTime:0.000000s ]
INFO: [ view_filter ] --END-- [ RunTime:0.000000s ]
INFO: [ app_end ] --START--
INFO: Run Behavior\ShowPageTraceBehavior [ RunTime:0.000000s ]
INFO: [ app_end ] --END-- [ RunTime:0.000000s ]

